Created by PLY version 3.11 (http://www.dabeaz.com/ply)

Unused terminals:

    ASSIGN
    BEGIN
    COLON
    COMMA
    DEFAULT
    DO
    DONE
    ELSE
    END
    IF
    INT
    OF
    PRINT
    PROGRAM
    REAL
    SEMICOLON
    SWITCH
    THEN
    VAR
    WHILE

Grammar

Rule 0     S' -> expression
Rule 1     marker -> <empty>
Rule 2     expression -> expression OR marker expression
Rule 3     expression -> expression AND marker expression
Rule 4     expression -> NOT expression
Rule 5     expression -> LPAREN expression RPAREN
Rule 6     expression -> TRUE
Rule 7     expression -> FALSE
Rule 8     expression -> INTEGERCONSTANT
Rule 9     expression -> REALCONSTANT
Rule 10    expression -> ID
Rule 11    expression -> UMINUS expression
Rule 12    expression -> expression PLUS expression
Rule 13    expression -> expression MINUS expression
Rule 14    expression -> expression TIMES expression
Rule 15    expression -> expression DIVIDE expression
Rule 16    expression -> expression MOD expression
Rule 17    expression -> expression LT expression
Rule 18    expression -> expression LTEQ expression
Rule 19    expression -> expression GT expression
Rule 20    expression -> expression GTEQ expression
Rule 21    expression -> expression NEQ expression
Rule 22    expression -> expression EQ expression

Terminals, with rules where they appear

AND                  : 3
ASSIGN               : 
BEGIN                : 
COLON                : 
COMMA                : 
DEFAULT              : 
DIVIDE               : 15
DO                   : 
DONE                 : 
ELSE                 : 
END                  : 
EQ                   : 22
FALSE                : 7
GT                   : 19
GTEQ                 : 20
ID                   : 10
IF                   : 
INT                  : 
INTEGERCONSTANT      : 8
LPAREN               : 5
LT                   : 17
LTEQ                 : 18
MINUS                : 13
MOD                  : 16
NEQ                  : 21
NOT                  : 4
OF                   : 
OR                   : 2
PLUS                 : 12
PRINT                : 
PROGRAM              : 
REAL                 : 
REALCONSTANT         : 9
RPAREN               : 5
SEMICOLON            : 
SWITCH               : 
THEN                 : 
TIMES                : 14
TRUE                 : 6
UMINUS               : 11
VAR                  : 
WHILE                : 
error                : 

Nonterminals, with rules where they appear

expression           : 2 2 3 3 4 5 11 12 12 13 13 14 14 15 15 16 16 17 17 18 18 19 19 20 20 21 21 22 22 0
marker               : 2 3

Parsing method: LALR

state 0

    (0) S' -> . expression
    (2) expression -> . expression OR marker expression
    (3) expression -> . expression AND marker expression
    (4) expression -> . NOT expression
    (5) expression -> . LPAREN expression RPAREN
    (6) expression -> . TRUE
    (7) expression -> . FALSE
    (8) expression -> . INTEGERCONSTANT
    (9) expression -> . REALCONSTANT
    (10) expression -> . ID
    (11) expression -> . UMINUS expression
    (12) expression -> . expression PLUS expression
    (13) expression -> . expression MINUS expression
    (14) expression -> . expression TIMES expression
    (15) expression -> . expression DIVIDE expression
    (16) expression -> . expression MOD expression
    (17) expression -> . expression LT expression
    (18) expression -> . expression LTEQ expression
    (19) expression -> . expression GT expression
    (20) expression -> . expression GTEQ expression
    (21) expression -> . expression NEQ expression
    (22) expression -> . expression EQ expression

    NOT             shift and go to state 2
    LPAREN          shift and go to state 3
    TRUE            shift and go to state 4
    FALSE           shift and go to state 5
    INTEGERCONSTANT shift and go to state 6
    REALCONSTANT    shift and go to state 7
    ID              shift and go to state 8
    UMINUS          shift and go to state 9

    expression                     shift and go to state 1

state 1

    (0) S' -> expression .
    (2) expression -> expression . OR marker expression
    (3) expression -> expression . AND marker expression
    (12) expression -> expression . PLUS expression
    (13) expression -> expression . MINUS expression
    (14) expression -> expression . TIMES expression
    (15) expression -> expression . DIVIDE expression
    (16) expression -> expression . MOD expression
    (17) expression -> expression . LT expression
    (18) expression -> expression . LTEQ expression
    (19) expression -> expression . GT expression
    (20) expression -> expression . GTEQ expression
    (21) expression -> expression . NEQ expression
    (22) expression -> expression . EQ expression

    OR              shift and go to state 10
    AND             shift and go to state 11
    PLUS            shift and go to state 12
    MINUS           shift and go to state 13
    TIMES           shift and go to state 14
    DIVIDE          shift and go to state 15
    MOD             shift and go to state 16
    LT              shift and go to state 17
    LTEQ            shift and go to state 18
    GT              shift and go to state 19
    GTEQ            shift and go to state 20
    NEQ             shift and go to state 21
    EQ              shift and go to state 22


state 2

    (4) expression -> NOT . expression
    (2) expression -> . expression OR marker expression
    (3) expression -> . expression AND marker expression
    (4) expression -> . NOT expression
    (5) expression -> . LPAREN expression RPAREN
    (6) expression -> . TRUE
    (7) expression -> . FALSE
    (8) expression -> . INTEGERCONSTANT
    (9) expression -> . REALCONSTANT
    (10) expression -> . ID
    (11) expression -> . UMINUS expression
    (12) expression -> . expression PLUS expression
    (13) expression -> . expression MINUS expression
    (14) expression -> . expression TIMES expression
    (15) expression -> . expression DIVIDE expression
    (16) expression -> . expression MOD expression
    (17) expression -> . expression LT expression
    (18) expression -> . expression LTEQ expression
    (19) expression -> . expression GT expression
    (20) expression -> . expression GTEQ expression
    (21) expression -> . expression NEQ expression
    (22) expression -> . expression EQ expression

    NOT             shift and go to state 2
    LPAREN          shift and go to state 3
    TRUE            shift and go to state 4
    FALSE           shift and go to state 5
    INTEGERCONSTANT shift and go to state 6
    REALCONSTANT    shift and go to state 7
    ID              shift and go to state 8
    UMINUS          shift and go to state 9

    expression                     shift and go to state 23

state 3

    (5) expression -> LPAREN . expression RPAREN
    (2) expression -> . expression OR marker expression
    (3) expression -> . expression AND marker expression
    (4) expression -> . NOT expression
    (5) expression -> . LPAREN expression RPAREN
    (6) expression -> . TRUE
    (7) expression -> . FALSE
    (8) expression -> . INTEGERCONSTANT
    (9) expression -> . REALCONSTANT
    (10) expression -> . ID
    (11) expression -> . UMINUS expression
    (12) expression -> . expression PLUS expression
    (13) expression -> . expression MINUS expression
    (14) expression -> . expression TIMES expression
    (15) expression -> . expression DIVIDE expression
    (16) expression -> . expression MOD expression
    (17) expression -> . expression LT expression
    (18) expression -> . expression LTEQ expression
    (19) expression -> . expression GT expression
    (20) expression -> . expression GTEQ expression
    (21) expression -> . expression NEQ expression
    (22) expression -> . expression EQ expression

    NOT             shift and go to state 2
    LPAREN          shift and go to state 3
    TRUE            shift and go to state 4
    FALSE           shift and go to state 5
    INTEGERCONSTANT shift and go to state 6
    REALCONSTANT    shift and go to state 7
    ID              shift and go to state 8
    UMINUS          shift and go to state 9

    expression                     shift and go to state 24

state 4

    (6) expression -> TRUE .

    OR              reduce using rule 6 (expression -> TRUE .)
    AND             reduce using rule 6 (expression -> TRUE .)
    PLUS            reduce using rule 6 (expression -> TRUE .)
    MINUS           reduce using rule 6 (expression -> TRUE .)
    TIMES           reduce using rule 6 (expression -> TRUE .)
    DIVIDE          reduce using rule 6 (expression -> TRUE .)
    MOD             reduce using rule 6 (expression -> TRUE .)
    LT              reduce using rule 6 (expression -> TRUE .)
    LTEQ            reduce using rule 6 (expression -> TRUE .)
    GT              reduce using rule 6 (expression -> TRUE .)
    GTEQ            reduce using rule 6 (expression -> TRUE .)
    NEQ             reduce using rule 6 (expression -> TRUE .)
    EQ              reduce using rule 6 (expression -> TRUE .)
    $end            reduce using rule 6 (expression -> TRUE .)
    RPAREN          reduce using rule 6 (expression -> TRUE .)


state 5

    (7) expression -> FALSE .

    OR              reduce using rule 7 (expression -> FALSE .)
    AND             reduce using rule 7 (expression -> FALSE .)
    PLUS            reduce using rule 7 (expression -> FALSE .)
    MINUS           reduce using rule 7 (expression -> FALSE .)
    TIMES           reduce using rule 7 (expression -> FALSE .)
    DIVIDE          reduce using rule 7 (expression -> FALSE .)
    MOD             reduce using rule 7 (expression -> FALSE .)
    LT              reduce using rule 7 (expression -> FALSE .)
    LTEQ            reduce using rule 7 (expression -> FALSE .)
    GT              reduce using rule 7 (expression -> FALSE .)
    GTEQ            reduce using rule 7 (expression -> FALSE .)
    NEQ             reduce using rule 7 (expression -> FALSE .)
    EQ              reduce using rule 7 (expression -> FALSE .)
    $end            reduce using rule 7 (expression -> FALSE .)
    RPAREN          reduce using rule 7 (expression -> FALSE .)


state 6

    (8) expression -> INTEGERCONSTANT .

    OR              reduce using rule 8 (expression -> INTEGERCONSTANT .)
    AND             reduce using rule 8 (expression -> INTEGERCONSTANT .)
    PLUS            reduce using rule 8 (expression -> INTEGERCONSTANT .)
    MINUS           reduce using rule 8 (expression -> INTEGERCONSTANT .)
    TIMES           reduce using rule 8 (expression -> INTEGERCONSTANT .)
    DIVIDE          reduce using rule 8 (expression -> INTEGERCONSTANT .)
    MOD             reduce using rule 8 (expression -> INTEGERCONSTANT .)
    LT              reduce using rule 8 (expression -> INTEGERCONSTANT .)
    LTEQ            reduce using rule 8 (expression -> INTEGERCONSTANT .)
    GT              reduce using rule 8 (expression -> INTEGERCONSTANT .)
    GTEQ            reduce using rule 8 (expression -> INTEGERCONSTANT .)
    NEQ             reduce using rule 8 (expression -> INTEGERCONSTANT .)
    EQ              reduce using rule 8 (expression -> INTEGERCONSTANT .)
    $end            reduce using rule 8 (expression -> INTEGERCONSTANT .)
    RPAREN          reduce using rule 8 (expression -> INTEGERCONSTANT .)


state 7

    (9) expression -> REALCONSTANT .

    OR              reduce using rule 9 (expression -> REALCONSTANT .)
    AND             reduce using rule 9 (expression -> REALCONSTANT .)
    PLUS            reduce using rule 9 (expression -> REALCONSTANT .)
    MINUS           reduce using rule 9 (expression -> REALCONSTANT .)
    TIMES           reduce using rule 9 (expression -> REALCONSTANT .)
    DIVIDE          reduce using rule 9 (expression -> REALCONSTANT .)
    MOD             reduce using rule 9 (expression -> REALCONSTANT .)
    LT              reduce using rule 9 (expression -> REALCONSTANT .)
    LTEQ            reduce using rule 9 (expression -> REALCONSTANT .)
    GT              reduce using rule 9 (expression -> REALCONSTANT .)
    GTEQ            reduce using rule 9 (expression -> REALCONSTANT .)
    NEQ             reduce using rule 9 (expression -> REALCONSTANT .)
    EQ              reduce using rule 9 (expression -> REALCONSTANT .)
    $end            reduce using rule 9 (expression -> REALCONSTANT .)
    RPAREN          reduce using rule 9 (expression -> REALCONSTANT .)


state 8

    (10) expression -> ID .

    OR              reduce using rule 10 (expression -> ID .)
    AND             reduce using rule 10 (expression -> ID .)
    PLUS            reduce using rule 10 (expression -> ID .)
    MINUS           reduce using rule 10 (expression -> ID .)
    TIMES           reduce using rule 10 (expression -> ID .)
    DIVIDE          reduce using rule 10 (expression -> ID .)
    MOD             reduce using rule 10 (expression -> ID .)
    LT              reduce using rule 10 (expression -> ID .)
    LTEQ            reduce using rule 10 (expression -> ID .)
    GT              reduce using rule 10 (expression -> ID .)
    GTEQ            reduce using rule 10 (expression -> ID .)
    NEQ             reduce using rule 10 (expression -> ID .)
    EQ              reduce using rule 10 (expression -> ID .)
    $end            reduce using rule 10 (expression -> ID .)
    RPAREN          reduce using rule 10 (expression -> ID .)


state 9

    (11) expression -> UMINUS . expression
    (2) expression -> . expression OR marker expression
    (3) expression -> . expression AND marker expression
    (4) expression -> . NOT expression
    (5) expression -> . LPAREN expression RPAREN
    (6) expression -> . TRUE
    (7) expression -> . FALSE
    (8) expression -> . INTEGERCONSTANT
    (9) expression -> . REALCONSTANT
    (10) expression -> . ID
    (11) expression -> . UMINUS expression
    (12) expression -> . expression PLUS expression
    (13) expression -> . expression MINUS expression
    (14) expression -> . expression TIMES expression
    (15) expression -> . expression DIVIDE expression
    (16) expression -> . expression MOD expression
    (17) expression -> . expression LT expression
    (18) expression -> . expression LTEQ expression
    (19) expression -> . expression GT expression
    (20) expression -> . expression GTEQ expression
    (21) expression -> . expression NEQ expression
    (22) expression -> . expression EQ expression

    NOT             shift and go to state 2
    LPAREN          shift and go to state 3
    TRUE            shift and go to state 4
    FALSE           shift and go to state 5
    INTEGERCONSTANT shift and go to state 6
    REALCONSTANT    shift and go to state 7
    ID              shift and go to state 8
    UMINUS          shift and go to state 9

    expression                     shift and go to state 25

state 10

    (2) expression -> expression OR . marker expression
    (1) marker -> .

    NOT             reduce using rule 1 (marker -> .)
    LPAREN          reduce using rule 1 (marker -> .)
    TRUE            reduce using rule 1 (marker -> .)
    FALSE           reduce using rule 1 (marker -> .)
    INTEGERCONSTANT reduce using rule 1 (marker -> .)
    REALCONSTANT    reduce using rule 1 (marker -> .)
    ID              reduce using rule 1 (marker -> .)
    UMINUS          reduce using rule 1 (marker -> .)

    marker                         shift and go to state 26

state 11

    (3) expression -> expression AND . marker expression
    (1) marker -> .

    NOT             reduce using rule 1 (marker -> .)
    LPAREN          reduce using rule 1 (marker -> .)
    TRUE            reduce using rule 1 (marker -> .)
    FALSE           reduce using rule 1 (marker -> .)
    INTEGERCONSTANT reduce using rule 1 (marker -> .)
    REALCONSTANT    reduce using rule 1 (marker -> .)
    ID              reduce using rule 1 (marker -> .)
    UMINUS          reduce using rule 1 (marker -> .)

    marker                         shift and go to state 27

state 12

    (12) expression -> expression PLUS . expression
    (2) expression -> . expression OR marker expression
    (3) expression -> . expression AND marker expression
    (4) expression -> . NOT expression
    (5) expression -> . LPAREN expression RPAREN
    (6) expression -> . TRUE
    (7) expression -> . FALSE
    (8) expression -> . INTEGERCONSTANT
    (9) expression -> . REALCONSTANT
    (10) expression -> . ID
    (11) expression -> . UMINUS expression
    (12) expression -> . expression PLUS expression
    (13) expression -> . expression MINUS expression
    (14) expression -> . expression TIMES expression
    (15) expression -> . expression DIVIDE expression
    (16) expression -> . expression MOD expression
    (17) expression -> . expression LT expression
    (18) expression -> . expression LTEQ expression
    (19) expression -> . expression GT expression
    (20) expression -> . expression GTEQ expression
    (21) expression -> . expression NEQ expression
    (22) expression -> . expression EQ expression

    NOT             shift and go to state 2
    LPAREN          shift and go to state 3
    TRUE            shift and go to state 4
    FALSE           shift and go to state 5
    INTEGERCONSTANT shift and go to state 6
    REALCONSTANT    shift and go to state 7
    ID              shift and go to state 8
    UMINUS          shift and go to state 9

    expression                     shift and go to state 28

state 13

    (13) expression -> expression MINUS . expression
    (2) expression -> . expression OR marker expression
    (3) expression -> . expression AND marker expression
    (4) expression -> . NOT expression
    (5) expression -> . LPAREN expression RPAREN
    (6) expression -> . TRUE
    (7) expression -> . FALSE
    (8) expression -> . INTEGERCONSTANT
    (9) expression -> . REALCONSTANT
    (10) expression -> . ID
    (11) expression -> . UMINUS expression
    (12) expression -> . expression PLUS expression
    (13) expression -> . expression MINUS expression
    (14) expression -> . expression TIMES expression
    (15) expression -> . expression DIVIDE expression
    (16) expression -> . expression MOD expression
    (17) expression -> . expression LT expression
    (18) expression -> . expression LTEQ expression
    (19) expression -> . expression GT expression
    (20) expression -> . expression GTEQ expression
    (21) expression -> . expression NEQ expression
    (22) expression -> . expression EQ expression

    NOT             shift and go to state 2
    LPAREN          shift and go to state 3
    TRUE            shift and go to state 4
    FALSE           shift and go to state 5
    INTEGERCONSTANT shift and go to state 6
    REALCONSTANT    shift and go to state 7
    ID              shift and go to state 8
    UMINUS          shift and go to state 9

    expression                     shift and go to state 29

state 14

    (14) expression -> expression TIMES . expression
    (2) expression -> . expression OR marker expression
    (3) expression -> . expression AND marker expression
    (4) expression -> . NOT expression
    (5) expression -> . LPAREN expression RPAREN
    (6) expression -> . TRUE
    (7) expression -> . FALSE
    (8) expression -> . INTEGERCONSTANT
    (9) expression -> . REALCONSTANT
    (10) expression -> . ID
    (11) expression -> . UMINUS expression
    (12) expression -> . expression PLUS expression
    (13) expression -> . expression MINUS expression
    (14) expression -> . expression TIMES expression
    (15) expression -> . expression DIVIDE expression
    (16) expression -> . expression MOD expression
    (17) expression -> . expression LT expression
    (18) expression -> . expression LTEQ expression
    (19) expression -> . expression GT expression
    (20) expression -> . expression GTEQ expression
    (21) expression -> . expression NEQ expression
    (22) expression -> . expression EQ expression

    NOT             shift and go to state 2
    LPAREN          shift and go to state 3
    TRUE            shift and go to state 4
    FALSE           shift and go to state 5
    INTEGERCONSTANT shift and go to state 6
    REALCONSTANT    shift and go to state 7
    ID              shift and go to state 8
    UMINUS          shift and go to state 9

    expression                     shift and go to state 30

state 15

    (15) expression -> expression DIVIDE . expression
    (2) expression -> . expression OR marker expression
    (3) expression -> . expression AND marker expression
    (4) expression -> . NOT expression
    (5) expression -> . LPAREN expression RPAREN
    (6) expression -> . TRUE
    (7) expression -> . FALSE
    (8) expression -> . INTEGERCONSTANT
    (9) expression -> . REALCONSTANT
    (10) expression -> . ID
    (11) expression -> . UMINUS expression
    (12) expression -> . expression PLUS expression
    (13) expression -> . expression MINUS expression
    (14) expression -> . expression TIMES expression
    (15) expression -> . expression DIVIDE expression
    (16) expression -> . expression MOD expression
    (17) expression -> . expression LT expression
    (18) expression -> . expression LTEQ expression
    (19) expression -> . expression GT expression
    (20) expression -> . expression GTEQ expression
    (21) expression -> . expression NEQ expression
    (22) expression -> . expression EQ expression

    NOT             shift and go to state 2
    LPAREN          shift and go to state 3
    TRUE            shift and go to state 4
    FALSE           shift and go to state 5
    INTEGERCONSTANT shift and go to state 6
    REALCONSTANT    shift and go to state 7
    ID              shift and go to state 8
    UMINUS          shift and go to state 9

    expression                     shift and go to state 31

state 16

    (16) expression -> expression MOD . expression
    (2) expression -> . expression OR marker expression
    (3) expression -> . expression AND marker expression
    (4) expression -> . NOT expression
    (5) expression -> . LPAREN expression RPAREN
    (6) expression -> . TRUE
    (7) expression -> . FALSE
    (8) expression -> . INTEGERCONSTANT
    (9) expression -> . REALCONSTANT
    (10) expression -> . ID
    (11) expression -> . UMINUS expression
    (12) expression -> . expression PLUS expression
    (13) expression -> . expression MINUS expression
    (14) expression -> . expression TIMES expression
    (15) expression -> . expression DIVIDE expression
    (16) expression -> . expression MOD expression
    (17) expression -> . expression LT expression
    (18) expression -> . expression LTEQ expression
    (19) expression -> . expression GT expression
    (20) expression -> . expression GTEQ expression
    (21) expression -> . expression NEQ expression
    (22) expression -> . expression EQ expression

    NOT             shift and go to state 2
    LPAREN          shift and go to state 3
    TRUE            shift and go to state 4
    FALSE           shift and go to state 5
    INTEGERCONSTANT shift and go to state 6
    REALCONSTANT    shift and go to state 7
    ID              shift and go to state 8
    UMINUS          shift and go to state 9

    expression                     shift and go to state 32

state 17

    (17) expression -> expression LT . expression
    (2) expression -> . expression OR marker expression
    (3) expression -> . expression AND marker expression
    (4) expression -> . NOT expression
    (5) expression -> . LPAREN expression RPAREN
    (6) expression -> . TRUE
    (7) expression -> . FALSE
    (8) expression -> . INTEGERCONSTANT
    (9) expression -> . REALCONSTANT
    (10) expression -> . ID
    (11) expression -> . UMINUS expression
    (12) expression -> . expression PLUS expression
    (13) expression -> . expression MINUS expression
    (14) expression -> . expression TIMES expression
    (15) expression -> . expression DIVIDE expression
    (16) expression -> . expression MOD expression
    (17) expression -> . expression LT expression
    (18) expression -> . expression LTEQ expression
    (19) expression -> . expression GT expression
    (20) expression -> . expression GTEQ expression
    (21) expression -> . expression NEQ expression
    (22) expression -> . expression EQ expression

    NOT             shift and go to state 2
    LPAREN          shift and go to state 3
    TRUE            shift and go to state 4
    FALSE           shift and go to state 5
    INTEGERCONSTANT shift and go to state 6
    REALCONSTANT    shift and go to state 7
    ID              shift and go to state 8
    UMINUS          shift and go to state 9

    expression                     shift and go to state 33

state 18

    (18) expression -> expression LTEQ . expression
    (2) expression -> . expression OR marker expression
    (3) expression -> . expression AND marker expression
    (4) expression -> . NOT expression
    (5) expression -> . LPAREN expression RPAREN
    (6) expression -> . TRUE
    (7) expression -> . FALSE
    (8) expression -> . INTEGERCONSTANT
    (9) expression -> . REALCONSTANT
    (10) expression -> . ID
    (11) expression -> . UMINUS expression
    (12) expression -> . expression PLUS expression
    (13) expression -> . expression MINUS expression
    (14) expression -> . expression TIMES expression
    (15) expression -> . expression DIVIDE expression
    (16) expression -> . expression MOD expression
    (17) expression -> . expression LT expression
    (18) expression -> . expression LTEQ expression
    (19) expression -> . expression GT expression
    (20) expression -> . expression GTEQ expression
    (21) expression -> . expression NEQ expression
    (22) expression -> . expression EQ expression

    NOT             shift and go to state 2
    LPAREN          shift and go to state 3
    TRUE            shift and go to state 4
    FALSE           shift and go to state 5
    INTEGERCONSTANT shift and go to state 6
    REALCONSTANT    shift and go to state 7
    ID              shift and go to state 8
    UMINUS          shift and go to state 9

    expression                     shift and go to state 34

state 19

    (19) expression -> expression GT . expression
    (2) expression -> . expression OR marker expression
    (3) expression -> . expression AND marker expression
    (4) expression -> . NOT expression
    (5) expression -> . LPAREN expression RPAREN
    (6) expression -> . TRUE
    (7) expression -> . FALSE
    (8) expression -> . INTEGERCONSTANT
    (9) expression -> . REALCONSTANT
    (10) expression -> . ID
    (11) expression -> . UMINUS expression
    (12) expression -> . expression PLUS expression
    (13) expression -> . expression MINUS expression
    (14) expression -> . expression TIMES expression
    (15) expression -> . expression DIVIDE expression
    (16) expression -> . expression MOD expression
    (17) expression -> . expression LT expression
    (18) expression -> . expression LTEQ expression
    (19) expression -> . expression GT expression
    (20) expression -> . expression GTEQ expression
    (21) expression -> . expression NEQ expression
    (22) expression -> . expression EQ expression

    NOT             shift and go to state 2
    LPAREN          shift and go to state 3
    TRUE            shift and go to state 4
    FALSE           shift and go to state 5
    INTEGERCONSTANT shift and go to state 6
    REALCONSTANT    shift and go to state 7
    ID              shift and go to state 8
    UMINUS          shift and go to state 9

    expression                     shift and go to state 35

state 20

    (20) expression -> expression GTEQ . expression
    (2) expression -> . expression OR marker expression
    (3) expression -> . expression AND marker expression
    (4) expression -> . NOT expression
    (5) expression -> . LPAREN expression RPAREN
    (6) expression -> . TRUE
    (7) expression -> . FALSE
    (8) expression -> . INTEGERCONSTANT
    (9) expression -> . REALCONSTANT
    (10) expression -> . ID
    (11) expression -> . UMINUS expression
    (12) expression -> . expression PLUS expression
    (13) expression -> . expression MINUS expression
    (14) expression -> . expression TIMES expression
    (15) expression -> . expression DIVIDE expression
    (16) expression -> . expression MOD expression
    (17) expression -> . expression LT expression
    (18) expression -> . expression LTEQ expression
    (19) expression -> . expression GT expression
    (20) expression -> . expression GTEQ expression
    (21) expression -> . expression NEQ expression
    (22) expression -> . expression EQ expression

    NOT             shift and go to state 2
    LPAREN          shift and go to state 3
    TRUE            shift and go to state 4
    FALSE           shift and go to state 5
    INTEGERCONSTANT shift and go to state 6
    REALCONSTANT    shift and go to state 7
    ID              shift and go to state 8
    UMINUS          shift and go to state 9

    expression                     shift and go to state 36

state 21

    (21) expression -> expression NEQ . expression
    (2) expression -> . expression OR marker expression
    (3) expression -> . expression AND marker expression
    (4) expression -> . NOT expression
    (5) expression -> . LPAREN expression RPAREN
    (6) expression -> . TRUE
    (7) expression -> . FALSE
    (8) expression -> . INTEGERCONSTANT
    (9) expression -> . REALCONSTANT
    (10) expression -> . ID
    (11) expression -> . UMINUS expression
    (12) expression -> . expression PLUS expression
    (13) expression -> . expression MINUS expression
    (14) expression -> . expression TIMES expression
    (15) expression -> . expression DIVIDE expression
    (16) expression -> . expression MOD expression
    (17) expression -> . expression LT expression
    (18) expression -> . expression LTEQ expression
    (19) expression -> . expression GT expression
    (20) expression -> . expression GTEQ expression
    (21) expression -> . expression NEQ expression
    (22) expression -> . expression EQ expression

    NOT             shift and go to state 2
    LPAREN          shift and go to state 3
    TRUE            shift and go to state 4
    FALSE           shift and go to state 5
    INTEGERCONSTANT shift and go to state 6
    REALCONSTANT    shift and go to state 7
    ID              shift and go to state 8
    UMINUS          shift and go to state 9

    expression                     shift and go to state 37

state 22

    (22) expression -> expression EQ . expression
    (2) expression -> . expression OR marker expression
    (3) expression -> . expression AND marker expression
    (4) expression -> . NOT expression
    (5) expression -> . LPAREN expression RPAREN
    (6) expression -> . TRUE
    (7) expression -> . FALSE
    (8) expression -> . INTEGERCONSTANT
    (9) expression -> . REALCONSTANT
    (10) expression -> . ID
    (11) expression -> . UMINUS expression
    (12) expression -> . expression PLUS expression
    (13) expression -> . expression MINUS expression
    (14) expression -> . expression TIMES expression
    (15) expression -> . expression DIVIDE expression
    (16) expression -> . expression MOD expression
    (17) expression -> . expression LT expression
    (18) expression -> . expression LTEQ expression
    (19) expression -> . expression GT expression
    (20) expression -> . expression GTEQ expression
    (21) expression -> . expression NEQ expression
    (22) expression -> . expression EQ expression

    NOT             shift and go to state 2
    LPAREN          shift and go to state 3
    TRUE            shift and go to state 4
    FALSE           shift and go to state 5
    INTEGERCONSTANT shift and go to state 6
    REALCONSTANT    shift and go to state 7
    ID              shift and go to state 8
    UMINUS          shift and go to state 9

    expression                     shift and go to state 38

state 23

    (4) expression -> NOT expression .
    (2) expression -> expression . OR marker expression
    (3) expression -> expression . AND marker expression
    (12) expression -> expression . PLUS expression
    (13) expression -> expression . MINUS expression
    (14) expression -> expression . TIMES expression
    (15) expression -> expression . DIVIDE expression
    (16) expression -> expression . MOD expression
    (17) expression -> expression . LT expression
    (18) expression -> expression . LTEQ expression
    (19) expression -> expression . GT expression
    (20) expression -> expression . GTEQ expression
    (21) expression -> expression . NEQ expression
    (22) expression -> expression . EQ expression

    OR              reduce using rule 4 (expression -> NOT expression .)
    AND             reduce using rule 4 (expression -> NOT expression .)
    LT              reduce using rule 4 (expression -> NOT expression .)
    LTEQ            reduce using rule 4 (expression -> NOT expression .)
    GT              reduce using rule 4 (expression -> NOT expression .)
    GTEQ            reduce using rule 4 (expression -> NOT expression .)
    NEQ             reduce using rule 4 (expression -> NOT expression .)
    EQ              reduce using rule 4 (expression -> NOT expression .)
    $end            reduce using rule 4 (expression -> NOT expression .)
    RPAREN          reduce using rule 4 (expression -> NOT expression .)
    PLUS            shift and go to state 12
    MINUS           shift and go to state 13
    TIMES           shift and go to state 14
    DIVIDE          shift and go to state 15
    MOD             shift and go to state 16

  ! PLUS            [ reduce using rule 4 (expression -> NOT expression .) ]
  ! MINUS           [ reduce using rule 4 (expression -> NOT expression .) ]
  ! TIMES           [ reduce using rule 4 (expression -> NOT expression .) ]
  ! DIVIDE          [ reduce using rule 4 (expression -> NOT expression .) ]
  ! MOD             [ reduce using rule 4 (expression -> NOT expression .) ]
  ! OR              [ shift and go to state 10 ]
  ! AND             [ shift and go to state 11 ]
  ! LT              [ shift and go to state 17 ]
  ! LTEQ            [ shift and go to state 18 ]
  ! GT              [ shift and go to state 19 ]
  ! GTEQ            [ shift and go to state 20 ]
  ! NEQ             [ shift and go to state 21 ]
  ! EQ              [ shift and go to state 22 ]


state 24

    (5) expression -> LPAREN expression . RPAREN
    (2) expression -> expression . OR marker expression
    (3) expression -> expression . AND marker expression
    (12) expression -> expression . PLUS expression
    (13) expression -> expression . MINUS expression
    (14) expression -> expression . TIMES expression
    (15) expression -> expression . DIVIDE expression
    (16) expression -> expression . MOD expression
    (17) expression -> expression . LT expression
    (18) expression -> expression . LTEQ expression
    (19) expression -> expression . GT expression
    (20) expression -> expression . GTEQ expression
    (21) expression -> expression . NEQ expression
    (22) expression -> expression . EQ expression

    RPAREN          shift and go to state 39
    OR              shift and go to state 10
    AND             shift and go to state 11
    PLUS            shift and go to state 12
    MINUS           shift and go to state 13
    TIMES           shift and go to state 14
    DIVIDE          shift and go to state 15
    MOD             shift and go to state 16
    LT              shift and go to state 17
    LTEQ            shift and go to state 18
    GT              shift and go to state 19
    GTEQ            shift and go to state 20
    NEQ             shift and go to state 21
    EQ              shift and go to state 22


state 25

    (11) expression -> UMINUS expression .
    (2) expression -> expression . OR marker expression
    (3) expression -> expression . AND marker expression
    (12) expression -> expression . PLUS expression
    (13) expression -> expression . MINUS expression
    (14) expression -> expression . TIMES expression
    (15) expression -> expression . DIVIDE expression
    (16) expression -> expression . MOD expression
    (17) expression -> expression . LT expression
    (18) expression -> expression . LTEQ expression
    (19) expression -> expression . GT expression
    (20) expression -> expression . GTEQ expression
    (21) expression -> expression . NEQ expression
    (22) expression -> expression . EQ expression

    OR              reduce using rule 11 (expression -> UMINUS expression .)
    AND             reduce using rule 11 (expression -> UMINUS expression .)
    PLUS            reduce using rule 11 (expression -> UMINUS expression .)
    MINUS           reduce using rule 11 (expression -> UMINUS expression .)
    TIMES           reduce using rule 11 (expression -> UMINUS expression .)
    DIVIDE          reduce using rule 11 (expression -> UMINUS expression .)
    MOD             reduce using rule 11 (expression -> UMINUS expression .)
    LT              reduce using rule 11 (expression -> UMINUS expression .)
    LTEQ            reduce using rule 11 (expression -> UMINUS expression .)
    GT              reduce using rule 11 (expression -> UMINUS expression .)
    GTEQ            reduce using rule 11 (expression -> UMINUS expression .)
    NEQ             reduce using rule 11 (expression -> UMINUS expression .)
    EQ              reduce using rule 11 (expression -> UMINUS expression .)
    $end            reduce using rule 11 (expression -> UMINUS expression .)
    RPAREN          reduce using rule 11 (expression -> UMINUS expression .)

  ! OR              [ shift and go to state 10 ]
  ! AND             [ shift and go to state 11 ]
  ! PLUS            [ shift and go to state 12 ]
  ! MINUS           [ shift and go to state 13 ]
  ! TIMES           [ shift and go to state 14 ]
  ! DIVIDE          [ shift and go to state 15 ]
  ! MOD             [ shift and go to state 16 ]
  ! LT              [ shift and go to state 17 ]
  ! LTEQ            [ shift and go to state 18 ]
  ! GT              [ shift and go to state 19 ]
  ! GTEQ            [ shift and go to state 20 ]
  ! NEQ             [ shift and go to state 21 ]
  ! EQ              [ shift and go to state 22 ]


state 26

    (2) expression -> expression OR marker . expression
    (2) expression -> . expression OR marker expression
    (3) expression -> . expression AND marker expression
    (4) expression -> . NOT expression
    (5) expression -> . LPAREN expression RPAREN
    (6) expression -> . TRUE
    (7) expression -> . FALSE
    (8) expression -> . INTEGERCONSTANT
    (9) expression -> . REALCONSTANT
    (10) expression -> . ID
    (11) expression -> . UMINUS expression
    (12) expression -> . expression PLUS expression
    (13) expression -> . expression MINUS expression
    (14) expression -> . expression TIMES expression
    (15) expression -> . expression DIVIDE expression
    (16) expression -> . expression MOD expression
    (17) expression -> . expression LT expression
    (18) expression -> . expression LTEQ expression
    (19) expression -> . expression GT expression
    (20) expression -> . expression GTEQ expression
    (21) expression -> . expression NEQ expression
    (22) expression -> . expression EQ expression

    NOT             shift and go to state 2
    LPAREN          shift and go to state 3
    TRUE            shift and go to state 4
    FALSE           shift and go to state 5
    INTEGERCONSTANT shift and go to state 6
    REALCONSTANT    shift and go to state 7
    ID              shift and go to state 8
    UMINUS          shift and go to state 9

    expression                     shift and go to state 40

state 27

    (3) expression -> expression AND marker . expression
    (2) expression -> . expression OR marker expression
    (3) expression -> . expression AND marker expression
    (4) expression -> . NOT expression
    (5) expression -> . LPAREN expression RPAREN
    (6) expression -> . TRUE
    (7) expression -> . FALSE
    (8) expression -> . INTEGERCONSTANT
    (9) expression -> . REALCONSTANT
    (10) expression -> . ID
    (11) expression -> . UMINUS expression
    (12) expression -> . expression PLUS expression
    (13) expression -> . expression MINUS expression
    (14) expression -> . expression TIMES expression
    (15) expression -> . expression DIVIDE expression
    (16) expression -> . expression MOD expression
    (17) expression -> . expression LT expression
    (18) expression -> . expression LTEQ expression
    (19) expression -> . expression GT expression
    (20) expression -> . expression GTEQ expression
    (21) expression -> . expression NEQ expression
    (22) expression -> . expression EQ expression

    NOT             shift and go to state 2
    LPAREN          shift and go to state 3
    TRUE            shift and go to state 4
    FALSE           shift and go to state 5
    INTEGERCONSTANT shift and go to state 6
    REALCONSTANT    shift and go to state 7
    ID              shift and go to state 8
    UMINUS          shift and go to state 9

    expression                     shift and go to state 41

state 28

    (12) expression -> expression PLUS expression .
    (2) expression -> expression . OR marker expression
    (3) expression -> expression . AND marker expression
    (12) expression -> expression . PLUS expression
    (13) expression -> expression . MINUS expression
    (14) expression -> expression . TIMES expression
    (15) expression -> expression . DIVIDE expression
    (16) expression -> expression . MOD expression
    (17) expression -> expression . LT expression
    (18) expression -> expression . LTEQ expression
    (19) expression -> expression . GT expression
    (20) expression -> expression . GTEQ expression
    (21) expression -> expression . NEQ expression
    (22) expression -> expression . EQ expression

    OR              reduce using rule 12 (expression -> expression PLUS expression .)
    AND             reduce using rule 12 (expression -> expression PLUS expression .)
    LT              reduce using rule 12 (expression -> expression PLUS expression .)
    LTEQ            reduce using rule 12 (expression -> expression PLUS expression .)
    GT              reduce using rule 12 (expression -> expression PLUS expression .)
    GTEQ            reduce using rule 12 (expression -> expression PLUS expression .)
    NEQ             reduce using rule 12 (expression -> expression PLUS expression .)
    EQ              reduce using rule 12 (expression -> expression PLUS expression .)
    $end            reduce using rule 12 (expression -> expression PLUS expression .)
    RPAREN          reduce using rule 12 (expression -> expression PLUS expression .)
    PLUS            shift and go to state 12
    MINUS           shift and go to state 13
    TIMES           shift and go to state 14
    DIVIDE          shift and go to state 15
    MOD             shift and go to state 16

  ! PLUS            [ reduce using rule 12 (expression -> expression PLUS expression .) ]
  ! MINUS           [ reduce using rule 12 (expression -> expression PLUS expression .) ]
  ! TIMES           [ reduce using rule 12 (expression -> expression PLUS expression .) ]
  ! DIVIDE          [ reduce using rule 12 (expression -> expression PLUS expression .) ]
  ! MOD             [ reduce using rule 12 (expression -> expression PLUS expression .) ]
  ! OR              [ shift and go to state 10 ]
  ! AND             [ shift and go to state 11 ]
  ! LT              [ shift and go to state 17 ]
  ! LTEQ            [ shift and go to state 18 ]
  ! GT              [ shift and go to state 19 ]
  ! GTEQ            [ shift and go to state 20 ]
  ! NEQ             [ shift and go to state 21 ]
  ! EQ              [ shift and go to state 22 ]


state 29

    (13) expression -> expression MINUS expression .
    (2) expression -> expression . OR marker expression
    (3) expression -> expression . AND marker expression
    (12) expression -> expression . PLUS expression
    (13) expression -> expression . MINUS expression
    (14) expression -> expression . TIMES expression
    (15) expression -> expression . DIVIDE expression
    (16) expression -> expression . MOD expression
    (17) expression -> expression . LT expression
    (18) expression -> expression . LTEQ expression
    (19) expression -> expression . GT expression
    (20) expression -> expression . GTEQ expression
    (21) expression -> expression . NEQ expression
    (22) expression -> expression . EQ expression

    OR              reduce using rule 13 (expression -> expression MINUS expression .)
    AND             reduce using rule 13 (expression -> expression MINUS expression .)
    LT              reduce using rule 13 (expression -> expression MINUS expression .)
    LTEQ            reduce using rule 13 (expression -> expression MINUS expression .)
    GT              reduce using rule 13 (expression -> expression MINUS expression .)
    GTEQ            reduce using rule 13 (expression -> expression MINUS expression .)
    NEQ             reduce using rule 13 (expression -> expression MINUS expression .)
    EQ              reduce using rule 13 (expression -> expression MINUS expression .)
    $end            reduce using rule 13 (expression -> expression MINUS expression .)
    RPAREN          reduce using rule 13 (expression -> expression MINUS expression .)
    PLUS            shift and go to state 12
    MINUS           shift and go to state 13
    TIMES           shift and go to state 14
    DIVIDE          shift and go to state 15
    MOD             shift and go to state 16

  ! PLUS            [ reduce using rule 13 (expression -> expression MINUS expression .) ]
  ! MINUS           [ reduce using rule 13 (expression -> expression MINUS expression .) ]
  ! TIMES           [ reduce using rule 13 (expression -> expression MINUS expression .) ]
  ! DIVIDE          [ reduce using rule 13 (expression -> expression MINUS expression .) ]
  ! MOD             [ reduce using rule 13 (expression -> expression MINUS expression .) ]
  ! OR              [ shift and go to state 10 ]
  ! AND             [ shift and go to state 11 ]
  ! LT              [ shift and go to state 17 ]
  ! LTEQ            [ shift and go to state 18 ]
  ! GT              [ shift and go to state 19 ]
  ! GTEQ            [ shift and go to state 20 ]
  ! NEQ             [ shift and go to state 21 ]
  ! EQ              [ shift and go to state 22 ]


state 30

    (14) expression -> expression TIMES expression .
    (2) expression -> expression . OR marker expression
    (3) expression -> expression . AND marker expression
    (12) expression -> expression . PLUS expression
    (13) expression -> expression . MINUS expression
    (14) expression -> expression . TIMES expression
    (15) expression -> expression . DIVIDE expression
    (16) expression -> expression . MOD expression
    (17) expression -> expression . LT expression
    (18) expression -> expression . LTEQ expression
    (19) expression -> expression . GT expression
    (20) expression -> expression . GTEQ expression
    (21) expression -> expression . NEQ expression
    (22) expression -> expression . EQ expression

    OR              reduce using rule 14 (expression -> expression TIMES expression .)
    AND             reduce using rule 14 (expression -> expression TIMES expression .)
    PLUS            reduce using rule 14 (expression -> expression TIMES expression .)
    MINUS           reduce using rule 14 (expression -> expression TIMES expression .)
    LT              reduce using rule 14 (expression -> expression TIMES expression .)
    LTEQ            reduce using rule 14 (expression -> expression TIMES expression .)
    GT              reduce using rule 14 (expression -> expression TIMES expression .)
    GTEQ            reduce using rule 14 (expression -> expression TIMES expression .)
    NEQ             reduce using rule 14 (expression -> expression TIMES expression .)
    EQ              reduce using rule 14 (expression -> expression TIMES expression .)
    $end            reduce using rule 14 (expression -> expression TIMES expression .)
    RPAREN          reduce using rule 14 (expression -> expression TIMES expression .)
    TIMES           shift and go to state 14
    DIVIDE          shift and go to state 15
    MOD             shift and go to state 16

  ! TIMES           [ reduce using rule 14 (expression -> expression TIMES expression .) ]
  ! DIVIDE          [ reduce using rule 14 (expression -> expression TIMES expression .) ]
  ! MOD             [ reduce using rule 14 (expression -> expression TIMES expression .) ]
  ! OR              [ shift and go to state 10 ]
  ! AND             [ shift and go to state 11 ]
  ! PLUS            [ shift and go to state 12 ]
  ! MINUS           [ shift and go to state 13 ]
  ! LT              [ shift and go to state 17 ]
  ! LTEQ            [ shift and go to state 18 ]
  ! GT              [ shift and go to state 19 ]
  ! GTEQ            [ shift and go to state 20 ]
  ! NEQ             [ shift and go to state 21 ]
  ! EQ              [ shift and go to state 22 ]


state 31

    (15) expression -> expression DIVIDE expression .
    (2) expression -> expression . OR marker expression
    (3) expression -> expression . AND marker expression
    (12) expression -> expression . PLUS expression
    (13) expression -> expression . MINUS expression
    (14) expression -> expression . TIMES expression
    (15) expression -> expression . DIVIDE expression
    (16) expression -> expression . MOD expression
    (17) expression -> expression . LT expression
    (18) expression -> expression . LTEQ expression
    (19) expression -> expression . GT expression
    (20) expression -> expression . GTEQ expression
    (21) expression -> expression . NEQ expression
    (22) expression -> expression . EQ expression

    OR              reduce using rule 15 (expression -> expression DIVIDE expression .)
    AND             reduce using rule 15 (expression -> expression DIVIDE expression .)
    PLUS            reduce using rule 15 (expression -> expression DIVIDE expression .)
    MINUS           reduce using rule 15 (expression -> expression DIVIDE expression .)
    LT              reduce using rule 15 (expression -> expression DIVIDE expression .)
    LTEQ            reduce using rule 15 (expression -> expression DIVIDE expression .)
    GT              reduce using rule 15 (expression -> expression DIVIDE expression .)
    GTEQ            reduce using rule 15 (expression -> expression DIVIDE expression .)
    NEQ             reduce using rule 15 (expression -> expression DIVIDE expression .)
    EQ              reduce using rule 15 (expression -> expression DIVIDE expression .)
    $end            reduce using rule 15 (expression -> expression DIVIDE expression .)
    RPAREN          reduce using rule 15 (expression -> expression DIVIDE expression .)
    TIMES           shift and go to state 14
    DIVIDE          shift and go to state 15
    MOD             shift and go to state 16

  ! TIMES           [ reduce using rule 15 (expression -> expression DIVIDE expression .) ]
  ! DIVIDE          [ reduce using rule 15 (expression -> expression DIVIDE expression .) ]
  ! MOD             [ reduce using rule 15 (expression -> expression DIVIDE expression .) ]
  ! OR              [ shift and go to state 10 ]
  ! AND             [ shift and go to state 11 ]
  ! PLUS            [ shift and go to state 12 ]
  ! MINUS           [ shift and go to state 13 ]
  ! LT              [ shift and go to state 17 ]
  ! LTEQ            [ shift and go to state 18 ]
  ! GT              [ shift and go to state 19 ]
  ! GTEQ            [ shift and go to state 20 ]
  ! NEQ             [ shift and go to state 21 ]
  ! EQ              [ shift and go to state 22 ]


state 32

    (16) expression -> expression MOD expression .
    (2) expression -> expression . OR marker expression
    (3) expression -> expression . AND marker expression
    (12) expression -> expression . PLUS expression
    (13) expression -> expression . MINUS expression
    (14) expression -> expression . TIMES expression
    (15) expression -> expression . DIVIDE expression
    (16) expression -> expression . MOD expression
    (17) expression -> expression . LT expression
    (18) expression -> expression . LTEQ expression
    (19) expression -> expression . GT expression
    (20) expression -> expression . GTEQ expression
    (21) expression -> expression . NEQ expression
    (22) expression -> expression . EQ expression

    OR              reduce using rule 16 (expression -> expression MOD expression .)
    AND             reduce using rule 16 (expression -> expression MOD expression .)
    PLUS            reduce using rule 16 (expression -> expression MOD expression .)
    MINUS           reduce using rule 16 (expression -> expression MOD expression .)
    TIMES           reduce using rule 16 (expression -> expression MOD expression .)
    DIVIDE          reduce using rule 16 (expression -> expression MOD expression .)
    MOD             reduce using rule 16 (expression -> expression MOD expression .)
    LT              reduce using rule 16 (expression -> expression MOD expression .)
    LTEQ            reduce using rule 16 (expression -> expression MOD expression .)
    GT              reduce using rule 16 (expression -> expression MOD expression .)
    GTEQ            reduce using rule 16 (expression -> expression MOD expression .)
    NEQ             reduce using rule 16 (expression -> expression MOD expression .)
    EQ              reduce using rule 16 (expression -> expression MOD expression .)
    $end            reduce using rule 16 (expression -> expression MOD expression .)
    RPAREN          reduce using rule 16 (expression -> expression MOD expression .)

  ! OR              [ shift and go to state 10 ]
  ! AND             [ shift and go to state 11 ]
  ! PLUS            [ shift and go to state 12 ]
  ! MINUS           [ shift and go to state 13 ]
  ! TIMES           [ shift and go to state 14 ]
  ! DIVIDE          [ shift and go to state 15 ]
  ! MOD             [ shift and go to state 16 ]
  ! LT              [ shift and go to state 17 ]
  ! LTEQ            [ shift and go to state 18 ]
  ! GT              [ shift and go to state 19 ]
  ! GTEQ            [ shift and go to state 20 ]
  ! NEQ             [ shift and go to state 21 ]
  ! EQ              [ shift and go to state 22 ]


state 33

    (17) expression -> expression LT expression .
    (2) expression -> expression . OR marker expression
    (3) expression -> expression . AND marker expression
    (12) expression -> expression . PLUS expression
    (13) expression -> expression . MINUS expression
    (14) expression -> expression . TIMES expression
    (15) expression -> expression . DIVIDE expression
    (16) expression -> expression . MOD expression
    (17) expression -> expression . LT expression
    (18) expression -> expression . LTEQ expression
    (19) expression -> expression . GT expression
    (20) expression -> expression . GTEQ expression
    (21) expression -> expression . NEQ expression
    (22) expression -> expression . EQ expression

  ! shift/reduce conflict for OR resolved as shift
  ! shift/reduce conflict for AND resolved as shift
  ! shift/reduce conflict for PLUS resolved as shift
  ! shift/reduce conflict for MINUS resolved as shift
  ! shift/reduce conflict for TIMES resolved as shift
  ! shift/reduce conflict for DIVIDE resolved as shift
  ! shift/reduce conflict for MOD resolved as shift
  ! shift/reduce conflict for LT resolved as shift
  ! shift/reduce conflict for LTEQ resolved as shift
  ! shift/reduce conflict for GT resolved as shift
  ! shift/reduce conflict for GTEQ resolved as shift
  ! shift/reduce conflict for NEQ resolved as shift
  ! shift/reduce conflict for EQ resolved as shift
    $end            reduce using rule 17 (expression -> expression LT expression .)
    RPAREN          reduce using rule 17 (expression -> expression LT expression .)
    OR              shift and go to state 10
    AND             shift and go to state 11
    PLUS            shift and go to state 12
    MINUS           shift and go to state 13
    TIMES           shift and go to state 14
    DIVIDE          shift and go to state 15
    MOD             shift and go to state 16
    LT              shift and go to state 17
    LTEQ            shift and go to state 18
    GT              shift and go to state 19
    GTEQ            shift and go to state 20
    NEQ             shift and go to state 21
    EQ              shift and go to state 22

  ! OR              [ reduce using rule 17 (expression -> expression LT expression .) ]
  ! AND             [ reduce using rule 17 (expression -> expression LT expression .) ]
  ! PLUS            [ reduce using rule 17 (expression -> expression LT expression .) ]
  ! MINUS           [ reduce using rule 17 (expression -> expression LT expression .) ]
  ! TIMES           [ reduce using rule 17 (expression -> expression LT expression .) ]
  ! DIVIDE          [ reduce using rule 17 (expression -> expression LT expression .) ]
  ! MOD             [ reduce using rule 17 (expression -> expression LT expression .) ]
  ! LT              [ reduce using rule 17 (expression -> expression LT expression .) ]
  ! LTEQ            [ reduce using rule 17 (expression -> expression LT expression .) ]
  ! GT              [ reduce using rule 17 (expression -> expression LT expression .) ]
  ! GTEQ            [ reduce using rule 17 (expression -> expression LT expression .) ]
  ! NEQ             [ reduce using rule 17 (expression -> expression LT expression .) ]
  ! EQ              [ reduce using rule 17 (expression -> expression LT expression .) ]


state 34

    (18) expression -> expression LTEQ expression .
    (2) expression -> expression . OR marker expression
    (3) expression -> expression . AND marker expression
    (12) expression -> expression . PLUS expression
    (13) expression -> expression . MINUS expression
    (14) expression -> expression . TIMES expression
    (15) expression -> expression . DIVIDE expression
    (16) expression -> expression . MOD expression
    (17) expression -> expression . LT expression
    (18) expression -> expression . LTEQ expression
    (19) expression -> expression . GT expression
    (20) expression -> expression . GTEQ expression
    (21) expression -> expression . NEQ expression
    (22) expression -> expression . EQ expression

  ! shift/reduce conflict for OR resolved as shift
  ! shift/reduce conflict for AND resolved as shift
  ! shift/reduce conflict for PLUS resolved as shift
  ! shift/reduce conflict for MINUS resolved as shift
  ! shift/reduce conflict for TIMES resolved as shift
  ! shift/reduce conflict for DIVIDE resolved as shift
  ! shift/reduce conflict for MOD resolved as shift
  ! shift/reduce conflict for LT resolved as shift
  ! shift/reduce conflict for LTEQ resolved as shift
  ! shift/reduce conflict for GT resolved as shift
  ! shift/reduce conflict for GTEQ resolved as shift
  ! shift/reduce conflict for NEQ resolved as shift
  ! shift/reduce conflict for EQ resolved as shift
    $end            reduce using rule 18 (expression -> expression LTEQ expression .)
    RPAREN          reduce using rule 18 (expression -> expression LTEQ expression .)
    OR              shift and go to state 10
    AND             shift and go to state 11
    PLUS            shift and go to state 12
    MINUS           shift and go to state 13
    TIMES           shift and go to state 14
    DIVIDE          shift and go to state 15
    MOD             shift and go to state 16
    LT              shift and go to state 17
    LTEQ            shift and go to state 18
    GT              shift and go to state 19
    GTEQ            shift and go to state 20
    NEQ             shift and go to state 21
    EQ              shift and go to state 22

  ! OR              [ reduce using rule 18 (expression -> expression LTEQ expression .) ]
  ! AND             [ reduce using rule 18 (expression -> expression LTEQ expression .) ]
  ! PLUS            [ reduce using rule 18 (expression -> expression LTEQ expression .) ]
  ! MINUS           [ reduce using rule 18 (expression -> expression LTEQ expression .) ]
  ! TIMES           [ reduce using rule 18 (expression -> expression LTEQ expression .) ]
  ! DIVIDE          [ reduce using rule 18 (expression -> expression LTEQ expression .) ]
  ! MOD             [ reduce using rule 18 (expression -> expression LTEQ expression .) ]
  ! LT              [ reduce using rule 18 (expression -> expression LTEQ expression .) ]
  ! LTEQ            [ reduce using rule 18 (expression -> expression LTEQ expression .) ]
  ! GT              [ reduce using rule 18 (expression -> expression LTEQ expression .) ]
  ! GTEQ            [ reduce using rule 18 (expression -> expression LTEQ expression .) ]
  ! NEQ             [ reduce using rule 18 (expression -> expression LTEQ expression .) ]
  ! EQ              [ reduce using rule 18 (expression -> expression LTEQ expression .) ]


state 35

    (19) expression -> expression GT expression .
    (2) expression -> expression . OR marker expression
    (3) expression -> expression . AND marker expression
    (12) expression -> expression . PLUS expression
    (13) expression -> expression . MINUS expression
    (14) expression -> expression . TIMES expression
    (15) expression -> expression . DIVIDE expression
    (16) expression -> expression . MOD expression
    (17) expression -> expression . LT expression
    (18) expression -> expression . LTEQ expression
    (19) expression -> expression . GT expression
    (20) expression -> expression . GTEQ expression
    (21) expression -> expression . NEQ expression
    (22) expression -> expression . EQ expression

  ! shift/reduce conflict for OR resolved as shift
  ! shift/reduce conflict for AND resolved as shift
  ! shift/reduce conflict for PLUS resolved as shift
  ! shift/reduce conflict for MINUS resolved as shift
  ! shift/reduce conflict for TIMES resolved as shift
  ! shift/reduce conflict for DIVIDE resolved as shift
  ! shift/reduce conflict for MOD resolved as shift
  ! shift/reduce conflict for LT resolved as shift
  ! shift/reduce conflict for LTEQ resolved as shift
  ! shift/reduce conflict for GT resolved as shift
  ! shift/reduce conflict for GTEQ resolved as shift
  ! shift/reduce conflict for NEQ resolved as shift
  ! shift/reduce conflict for EQ resolved as shift
    $end            reduce using rule 19 (expression -> expression GT expression .)
    RPAREN          reduce using rule 19 (expression -> expression GT expression .)
    OR              shift and go to state 10
    AND             shift and go to state 11
    PLUS            shift and go to state 12
    MINUS           shift and go to state 13
    TIMES           shift and go to state 14
    DIVIDE          shift and go to state 15
    MOD             shift and go to state 16
    LT              shift and go to state 17
    LTEQ            shift and go to state 18
    GT              shift and go to state 19
    GTEQ            shift and go to state 20
    NEQ             shift and go to state 21
    EQ              shift and go to state 22

  ! OR              [ reduce using rule 19 (expression -> expression GT expression .) ]
  ! AND             [ reduce using rule 19 (expression -> expression GT expression .) ]
  ! PLUS            [ reduce using rule 19 (expression -> expression GT expression .) ]
  ! MINUS           [ reduce using rule 19 (expression -> expression GT expression .) ]
  ! TIMES           [ reduce using rule 19 (expression -> expression GT expression .) ]
  ! DIVIDE          [ reduce using rule 19 (expression -> expression GT expression .) ]
  ! MOD             [ reduce using rule 19 (expression -> expression GT expression .) ]
  ! LT              [ reduce using rule 19 (expression -> expression GT expression .) ]
  ! LTEQ            [ reduce using rule 19 (expression -> expression GT expression .) ]
  ! GT              [ reduce using rule 19 (expression -> expression GT expression .) ]
  ! GTEQ            [ reduce using rule 19 (expression -> expression GT expression .) ]
  ! NEQ             [ reduce using rule 19 (expression -> expression GT expression .) ]
  ! EQ              [ reduce using rule 19 (expression -> expression GT expression .) ]


state 36

    (20) expression -> expression GTEQ expression .
    (2) expression -> expression . OR marker expression
    (3) expression -> expression . AND marker expression
    (12) expression -> expression . PLUS expression
    (13) expression -> expression . MINUS expression
    (14) expression -> expression . TIMES expression
    (15) expression -> expression . DIVIDE expression
    (16) expression -> expression . MOD expression
    (17) expression -> expression . LT expression
    (18) expression -> expression . LTEQ expression
    (19) expression -> expression . GT expression
    (20) expression -> expression . GTEQ expression
    (21) expression -> expression . NEQ expression
    (22) expression -> expression . EQ expression

  ! shift/reduce conflict for OR resolved as shift
  ! shift/reduce conflict for AND resolved as shift
  ! shift/reduce conflict for PLUS resolved as shift
  ! shift/reduce conflict for MINUS resolved as shift
  ! shift/reduce conflict for TIMES resolved as shift
  ! shift/reduce conflict for DIVIDE resolved as shift
  ! shift/reduce conflict for MOD resolved as shift
  ! shift/reduce conflict for LT resolved as shift
  ! shift/reduce conflict for LTEQ resolved as shift
  ! shift/reduce conflict for GT resolved as shift
  ! shift/reduce conflict for GTEQ resolved as shift
  ! shift/reduce conflict for NEQ resolved as shift
  ! shift/reduce conflict for EQ resolved as shift
    $end            reduce using rule 20 (expression -> expression GTEQ expression .)
    RPAREN          reduce using rule 20 (expression -> expression GTEQ expression .)
    OR              shift and go to state 10
    AND             shift and go to state 11
    PLUS            shift and go to state 12
    MINUS           shift and go to state 13
    TIMES           shift and go to state 14
    DIVIDE          shift and go to state 15
    MOD             shift and go to state 16
    LT              shift and go to state 17
    LTEQ            shift and go to state 18
    GT              shift and go to state 19
    GTEQ            shift and go to state 20
    NEQ             shift and go to state 21
    EQ              shift and go to state 22

  ! OR              [ reduce using rule 20 (expression -> expression GTEQ expression .) ]
  ! AND             [ reduce using rule 20 (expression -> expression GTEQ expression .) ]
  ! PLUS            [ reduce using rule 20 (expression -> expression GTEQ expression .) ]
  ! MINUS           [ reduce using rule 20 (expression -> expression GTEQ expression .) ]
  ! TIMES           [ reduce using rule 20 (expression -> expression GTEQ expression .) ]
  ! DIVIDE          [ reduce using rule 20 (expression -> expression GTEQ expression .) ]
  ! MOD             [ reduce using rule 20 (expression -> expression GTEQ expression .) ]
  ! LT              [ reduce using rule 20 (expression -> expression GTEQ expression .) ]
  ! LTEQ            [ reduce using rule 20 (expression -> expression GTEQ expression .) ]
  ! GT              [ reduce using rule 20 (expression -> expression GTEQ expression .) ]
  ! GTEQ            [ reduce using rule 20 (expression -> expression GTEQ expression .) ]
  ! NEQ             [ reduce using rule 20 (expression -> expression GTEQ expression .) ]
  ! EQ              [ reduce using rule 20 (expression -> expression GTEQ expression .) ]


state 37

    (21) expression -> expression NEQ expression .
    (2) expression -> expression . OR marker expression
    (3) expression -> expression . AND marker expression
    (12) expression -> expression . PLUS expression
    (13) expression -> expression . MINUS expression
    (14) expression -> expression . TIMES expression
    (15) expression -> expression . DIVIDE expression
    (16) expression -> expression . MOD expression
    (17) expression -> expression . LT expression
    (18) expression -> expression . LTEQ expression
    (19) expression -> expression . GT expression
    (20) expression -> expression . GTEQ expression
    (21) expression -> expression . NEQ expression
    (22) expression -> expression . EQ expression

  ! shift/reduce conflict for OR resolved as shift
  ! shift/reduce conflict for AND resolved as shift
  ! shift/reduce conflict for PLUS resolved as shift
  ! shift/reduce conflict for MINUS resolved as shift
  ! shift/reduce conflict for TIMES resolved as shift
  ! shift/reduce conflict for DIVIDE resolved as shift
  ! shift/reduce conflict for MOD resolved as shift
  ! shift/reduce conflict for LT resolved as shift
  ! shift/reduce conflict for LTEQ resolved as shift
  ! shift/reduce conflict for GT resolved as shift
  ! shift/reduce conflict for GTEQ resolved as shift
  ! shift/reduce conflict for NEQ resolved as shift
  ! shift/reduce conflict for EQ resolved as shift
    $end            reduce using rule 21 (expression -> expression NEQ expression .)
    RPAREN          reduce using rule 21 (expression -> expression NEQ expression .)
    OR              shift and go to state 10
    AND             shift and go to state 11
    PLUS            shift and go to state 12
    MINUS           shift and go to state 13
    TIMES           shift and go to state 14
    DIVIDE          shift and go to state 15
    MOD             shift and go to state 16
    LT              shift and go to state 17
    LTEQ            shift and go to state 18
    GT              shift and go to state 19
    GTEQ            shift and go to state 20
    NEQ             shift and go to state 21
    EQ              shift and go to state 22

  ! OR              [ reduce using rule 21 (expression -> expression NEQ expression .) ]
  ! AND             [ reduce using rule 21 (expression -> expression NEQ expression .) ]
  ! PLUS            [ reduce using rule 21 (expression -> expression NEQ expression .) ]
  ! MINUS           [ reduce using rule 21 (expression -> expression NEQ expression .) ]
  ! TIMES           [ reduce using rule 21 (expression -> expression NEQ expression .) ]
  ! DIVIDE          [ reduce using rule 21 (expression -> expression NEQ expression .) ]
  ! MOD             [ reduce using rule 21 (expression -> expression NEQ expression .) ]
  ! LT              [ reduce using rule 21 (expression -> expression NEQ expression .) ]
  ! LTEQ            [ reduce using rule 21 (expression -> expression NEQ expression .) ]
  ! GT              [ reduce using rule 21 (expression -> expression NEQ expression .) ]
  ! GTEQ            [ reduce using rule 21 (expression -> expression NEQ expression .) ]
  ! NEQ             [ reduce using rule 21 (expression -> expression NEQ expression .) ]
  ! EQ              [ reduce using rule 21 (expression -> expression NEQ expression .) ]


state 38

    (22) expression -> expression EQ expression .
    (2) expression -> expression . OR marker expression
    (3) expression -> expression . AND marker expression
    (12) expression -> expression . PLUS expression
    (13) expression -> expression . MINUS expression
    (14) expression -> expression . TIMES expression
    (15) expression -> expression . DIVIDE expression
    (16) expression -> expression . MOD expression
    (17) expression -> expression . LT expression
    (18) expression -> expression . LTEQ expression
    (19) expression -> expression . GT expression
    (20) expression -> expression . GTEQ expression
    (21) expression -> expression . NEQ expression
    (22) expression -> expression . EQ expression

  ! shift/reduce conflict for OR resolved as shift
  ! shift/reduce conflict for AND resolved as shift
  ! shift/reduce conflict for PLUS resolved as shift
  ! shift/reduce conflict for MINUS resolved as shift
  ! shift/reduce conflict for TIMES resolved as shift
  ! shift/reduce conflict for DIVIDE resolved as shift
  ! shift/reduce conflict for MOD resolved as shift
  ! shift/reduce conflict for LT resolved as shift
  ! shift/reduce conflict for LTEQ resolved as shift
  ! shift/reduce conflict for GT resolved as shift
  ! shift/reduce conflict for GTEQ resolved as shift
  ! shift/reduce conflict for NEQ resolved as shift
  ! shift/reduce conflict for EQ resolved as shift
    $end            reduce using rule 22 (expression -> expression EQ expression .)
    RPAREN          reduce using rule 22 (expression -> expression EQ expression .)
    OR              shift and go to state 10
    AND             shift and go to state 11
    PLUS            shift and go to state 12
    MINUS           shift and go to state 13
    TIMES           shift and go to state 14
    DIVIDE          shift and go to state 15
    MOD             shift and go to state 16
    LT              shift and go to state 17
    LTEQ            shift and go to state 18
    GT              shift and go to state 19
    GTEQ            shift and go to state 20
    NEQ             shift and go to state 21
    EQ              shift and go to state 22

  ! OR              [ reduce using rule 22 (expression -> expression EQ expression .) ]
  ! AND             [ reduce using rule 22 (expression -> expression EQ expression .) ]
  ! PLUS            [ reduce using rule 22 (expression -> expression EQ expression .) ]
  ! MINUS           [ reduce using rule 22 (expression -> expression EQ expression .) ]
  ! TIMES           [ reduce using rule 22 (expression -> expression EQ expression .) ]
  ! DIVIDE          [ reduce using rule 22 (expression -> expression EQ expression .) ]
  ! MOD             [ reduce using rule 22 (expression -> expression EQ expression .) ]
  ! LT              [ reduce using rule 22 (expression -> expression EQ expression .) ]
  ! LTEQ            [ reduce using rule 22 (expression -> expression EQ expression .) ]
  ! GT              [ reduce using rule 22 (expression -> expression EQ expression .) ]
  ! GTEQ            [ reduce using rule 22 (expression -> expression EQ expression .) ]
  ! NEQ             [ reduce using rule 22 (expression -> expression EQ expression .) ]
  ! EQ              [ reduce using rule 22 (expression -> expression EQ expression .) ]


state 39

    (5) expression -> LPAREN expression RPAREN .

    OR              reduce using rule 5 (expression -> LPAREN expression RPAREN .)
    AND             reduce using rule 5 (expression -> LPAREN expression RPAREN .)
    PLUS            reduce using rule 5 (expression -> LPAREN expression RPAREN .)
    MINUS           reduce using rule 5 (expression -> LPAREN expression RPAREN .)
    TIMES           reduce using rule 5 (expression -> LPAREN expression RPAREN .)
    DIVIDE          reduce using rule 5 (expression -> LPAREN expression RPAREN .)
    MOD             reduce using rule 5 (expression -> LPAREN expression RPAREN .)
    LT              reduce using rule 5 (expression -> LPAREN expression RPAREN .)
    LTEQ            reduce using rule 5 (expression -> LPAREN expression RPAREN .)
    GT              reduce using rule 5 (expression -> LPAREN expression RPAREN .)
    GTEQ            reduce using rule 5 (expression -> LPAREN expression RPAREN .)
    NEQ             reduce using rule 5 (expression -> LPAREN expression RPAREN .)
    EQ              reduce using rule 5 (expression -> LPAREN expression RPAREN .)
    $end            reduce using rule 5 (expression -> LPAREN expression RPAREN .)
    RPAREN          reduce using rule 5 (expression -> LPAREN expression RPAREN .)


state 40

    (2) expression -> expression OR marker expression .
    (2) expression -> expression . OR marker expression
    (3) expression -> expression . AND marker expression
    (12) expression -> expression . PLUS expression
    (13) expression -> expression . MINUS expression
    (14) expression -> expression . TIMES expression
    (15) expression -> expression . DIVIDE expression
    (16) expression -> expression . MOD expression
    (17) expression -> expression . LT expression
    (18) expression -> expression . LTEQ expression
    (19) expression -> expression . GT expression
    (20) expression -> expression . GTEQ expression
    (21) expression -> expression . NEQ expression
    (22) expression -> expression . EQ expression

    LT              reduce using rule 2 (expression -> expression OR marker expression .)
    LTEQ            reduce using rule 2 (expression -> expression OR marker expression .)
    GT              reduce using rule 2 (expression -> expression OR marker expression .)
    GTEQ            reduce using rule 2 (expression -> expression OR marker expression .)
    NEQ             reduce using rule 2 (expression -> expression OR marker expression .)
    EQ              reduce using rule 2 (expression -> expression OR marker expression .)
    $end            reduce using rule 2 (expression -> expression OR marker expression .)
    RPAREN          reduce using rule 2 (expression -> expression OR marker expression .)
    OR              shift and go to state 10
    AND             shift and go to state 11
    PLUS            shift and go to state 12
    MINUS           shift and go to state 13
    TIMES           shift and go to state 14
    DIVIDE          shift and go to state 15
    MOD             shift and go to state 16

  ! OR              [ reduce using rule 2 (expression -> expression OR marker expression .) ]
  ! AND             [ reduce using rule 2 (expression -> expression OR marker expression .) ]
  ! PLUS            [ reduce using rule 2 (expression -> expression OR marker expression .) ]
  ! MINUS           [ reduce using rule 2 (expression -> expression OR marker expression .) ]
  ! TIMES           [ reduce using rule 2 (expression -> expression OR marker expression .) ]
  ! DIVIDE          [ reduce using rule 2 (expression -> expression OR marker expression .) ]
  ! MOD             [ reduce using rule 2 (expression -> expression OR marker expression .) ]
  ! LT              [ shift and go to state 17 ]
  ! LTEQ            [ shift and go to state 18 ]
  ! GT              [ shift and go to state 19 ]
  ! GTEQ            [ shift and go to state 20 ]
  ! NEQ             [ shift and go to state 21 ]
  ! EQ              [ shift and go to state 22 ]


state 41

    (3) expression -> expression AND marker expression .
    (2) expression -> expression . OR marker expression
    (3) expression -> expression . AND marker expression
    (12) expression -> expression . PLUS expression
    (13) expression -> expression . MINUS expression
    (14) expression -> expression . TIMES expression
    (15) expression -> expression . DIVIDE expression
    (16) expression -> expression . MOD expression
    (17) expression -> expression . LT expression
    (18) expression -> expression . LTEQ expression
    (19) expression -> expression . GT expression
    (20) expression -> expression . GTEQ expression
    (21) expression -> expression . NEQ expression
    (22) expression -> expression . EQ expression

    OR              reduce using rule 3 (expression -> expression AND marker expression .)
    LT              reduce using rule 3 (expression -> expression AND marker expression .)
    LTEQ            reduce using rule 3 (expression -> expression AND marker expression .)
    GT              reduce using rule 3 (expression -> expression AND marker expression .)
    GTEQ            reduce using rule 3 (expression -> expression AND marker expression .)
    NEQ             reduce using rule 3 (expression -> expression AND marker expression .)
    EQ              reduce using rule 3 (expression -> expression AND marker expression .)
    $end            reduce using rule 3 (expression -> expression AND marker expression .)
    RPAREN          reduce using rule 3 (expression -> expression AND marker expression .)
    AND             shift and go to state 11
    PLUS            shift and go to state 12
    MINUS           shift and go to state 13
    TIMES           shift and go to state 14
    DIVIDE          shift and go to state 15
    MOD             shift and go to state 16

  ! AND             [ reduce using rule 3 (expression -> expression AND marker expression .) ]
  ! PLUS            [ reduce using rule 3 (expression -> expression AND marker expression .) ]
  ! MINUS           [ reduce using rule 3 (expression -> expression AND marker expression .) ]
  ! TIMES           [ reduce using rule 3 (expression -> expression AND marker expression .) ]
  ! DIVIDE          [ reduce using rule 3 (expression -> expression AND marker expression .) ]
  ! MOD             [ reduce using rule 3 (expression -> expression AND marker expression .) ]
  ! OR              [ shift and go to state 10 ]
  ! LT              [ shift and go to state 17 ]
  ! LTEQ            [ shift and go to state 18 ]
  ! GT              [ shift and go to state 19 ]
  ! GTEQ            [ shift and go to state 20 ]
  ! NEQ             [ shift and go to state 21 ]
  ! EQ              [ shift and go to state 22 ]

WARNING: 
WARNING: Conflicts:
WARNING: 
WARNING: shift/reduce conflict for OR in state 33 resolved as shift
WARNING: shift/reduce conflict for AND in state 33 resolved as shift
WARNING: shift/reduce conflict for PLUS in state 33 resolved as shift
WARNING: shift/reduce conflict for MINUS in state 33 resolved as shift
WARNING: shift/reduce conflict for TIMES in state 33 resolved as shift
WARNING: shift/reduce conflict for DIVIDE in state 33 resolved as shift
WARNING: shift/reduce conflict for MOD in state 33 resolved as shift
WARNING: shift/reduce conflict for LT in state 33 resolved as shift
WARNING: shift/reduce conflict for LTEQ in state 33 resolved as shift
WARNING: shift/reduce conflict for GT in state 33 resolved as shift
WARNING: shift/reduce conflict for GTEQ in state 33 resolved as shift
WARNING: shift/reduce conflict for NEQ in state 33 resolved as shift
WARNING: shift/reduce conflict for EQ in state 33 resolved as shift
WARNING: shift/reduce conflict for OR in state 34 resolved as shift
WARNING: shift/reduce conflict for AND in state 34 resolved as shift
WARNING: shift/reduce conflict for PLUS in state 34 resolved as shift
WARNING: shift/reduce conflict for MINUS in state 34 resolved as shift
WARNING: shift/reduce conflict for TIMES in state 34 resolved as shift
WARNING: shift/reduce conflict for DIVIDE in state 34 resolved as shift
WARNING: shift/reduce conflict for MOD in state 34 resolved as shift
WARNING: shift/reduce conflict for LT in state 34 resolved as shift
WARNING: shift/reduce conflict for LTEQ in state 34 resolved as shift
WARNING: shift/reduce conflict for GT in state 34 resolved as shift
WARNING: shift/reduce conflict for GTEQ in state 34 resolved as shift
WARNING: shift/reduce conflict for NEQ in state 34 resolved as shift
WARNING: shift/reduce conflict for EQ in state 34 resolved as shift
WARNING: shift/reduce conflict for OR in state 35 resolved as shift
WARNING: shift/reduce conflict for AND in state 35 resolved as shift
WARNING: shift/reduce conflict for PLUS in state 35 resolved as shift
WARNING: shift/reduce conflict for MINUS in state 35 resolved as shift
WARNING: shift/reduce conflict for TIMES in state 35 resolved as shift
WARNING: shift/reduce conflict for DIVIDE in state 35 resolved as shift
WARNING: shift/reduce conflict for MOD in state 35 resolved as shift
WARNING: shift/reduce conflict for LT in state 35 resolved as shift
WARNING: shift/reduce conflict for LTEQ in state 35 resolved as shift
WARNING: shift/reduce conflict for GT in state 35 resolved as shift
WARNING: shift/reduce conflict for GTEQ in state 35 resolved as shift
WARNING: shift/reduce conflict for NEQ in state 35 resolved as shift
WARNING: shift/reduce conflict for EQ in state 35 resolved as shift
WARNING: shift/reduce conflict for OR in state 36 resolved as shift
WARNING: shift/reduce conflict for AND in state 36 resolved as shift
WARNING: shift/reduce conflict for PLUS in state 36 resolved as shift
WARNING: shift/reduce conflict for MINUS in state 36 resolved as shift
WARNING: shift/reduce conflict for TIMES in state 36 resolved as shift
WARNING: shift/reduce conflict for DIVIDE in state 36 resolved as shift
WARNING: shift/reduce conflict for MOD in state 36 resolved as shift
WARNING: shift/reduce conflict for LT in state 36 resolved as shift
WARNING: shift/reduce conflict for LTEQ in state 36 resolved as shift
WARNING: shift/reduce conflict for GT in state 36 resolved as shift
WARNING: shift/reduce conflict for GTEQ in state 36 resolved as shift
WARNING: shift/reduce conflict for NEQ in state 36 resolved as shift
WARNING: shift/reduce conflict for EQ in state 36 resolved as shift
WARNING: shift/reduce conflict for OR in state 37 resolved as shift
WARNING: shift/reduce conflict for AND in state 37 resolved as shift
WARNING: shift/reduce conflict for PLUS in state 37 resolved as shift
WARNING: shift/reduce conflict for MINUS in state 37 resolved as shift
WARNING: shift/reduce conflict for TIMES in state 37 resolved as shift
WARNING: shift/reduce conflict for DIVIDE in state 37 resolved as shift
WARNING: shift/reduce conflict for MOD in state 37 resolved as shift
WARNING: shift/reduce conflict for LT in state 37 resolved as shift
WARNING: shift/reduce conflict for LTEQ in state 37 resolved as shift
WARNING: shift/reduce conflict for GT in state 37 resolved as shift
WARNING: shift/reduce conflict for GTEQ in state 37 resolved as shift
WARNING: shift/reduce conflict for NEQ in state 37 resolved as shift
WARNING: shift/reduce conflict for EQ in state 37 resolved as shift
WARNING: shift/reduce conflict for OR in state 38 resolved as shift
WARNING: shift/reduce conflict for AND in state 38 resolved as shift
WARNING: shift/reduce conflict for PLUS in state 38 resolved as shift
WARNING: shift/reduce conflict for MINUS in state 38 resolved as shift
WARNING: shift/reduce conflict for TIMES in state 38 resolved as shift
WARNING: shift/reduce conflict for DIVIDE in state 38 resolved as shift
WARNING: shift/reduce conflict for MOD in state 38 resolved as shift
WARNING: shift/reduce conflict for LT in state 38 resolved as shift
WARNING: shift/reduce conflict for LTEQ in state 38 resolved as shift
WARNING: shift/reduce conflict for GT in state 38 resolved as shift
WARNING: shift/reduce conflict for GTEQ in state 38 resolved as shift
WARNING: shift/reduce conflict for NEQ in state 38 resolved as shift
WARNING: shift/reduce conflict for EQ in state 38 resolved as shift
